Mon, 04 Dec 2017 11:32:19 <ipython-input-1-6a108ab48155>[line:133] INFO reading training and testing data...
Mon, 04 Dec 2017 11:32:20 <ipython-input-1-6a108ab48155>[line:141] INFO ******************** Data Info *********************
Mon, 04 Dec 2017 11:32:20 <ipython-input-1-6a108ab48155>[line:142] INFO #training data: 50000, #testing_data: 10000, dimension: 784
Mon, 04 Dec 2017 11:32:20 <ipython-input-1-6a108ab48155>[line:145] INFO ******************* NB ********************
Mon, 04 Dec 2017 11:32:20 <ipython-input-1-6a108ab48155>[line:149] INFO training took 0.291610s!
Mon, 04 Dec 2017 11:32:20 <ipython-input-1-6a108ab48155>[line:160] INFO accuracy: 83.69%
Mon, 04 Dec 2017 11:32:20 <ipython-input-1-6a108ab48155>[line:145] INFO ******************* KNN ********************
Mon, 04 Dec 2017 11:32:27 <ipython-input-1-6a108ab48155>[line:149] INFO training took 7.104816s!
Mon, 04 Dec 2017 11:44:59 <ipython-input-1-6a108ab48155>[line:160] INFO accuracy: 96.64%
Mon, 04 Dec 2017 11:44:59 <ipython-input-1-6a108ab48155>[line:145] INFO ******************* LR ********************
Mon, 04 Dec 2017 11:46:25 <ipython-input-1-6a108ab48155>[line:149] INFO training took 86.412181s!
Mon, 04 Dec 2017 11:46:25 <ipython-input-1-6a108ab48155>[line:160] INFO accuracy: 91.99%
Mon, 04 Dec 2017 11:46:25 <ipython-input-1-6a108ab48155>[line:145] INFO ******************* RF ********************
Mon, 04 Dec 2017 11:46:28 <ipython-input-1-6a108ab48155>[line:149] INFO training took 2.993257s!
Mon, 04 Dec 2017 11:46:28 <ipython-input-1-6a108ab48155>[line:160] INFO accuracy: 93.74%
Mon, 04 Dec 2017 11:46:28 <ipython-input-1-6a108ab48155>[line:145] INFO ******************* DT ********************
Mon, 04 Dec 2017 11:46:44 <ipython-input-1-6a108ab48155>[line:149] INFO training took 15.655863s!
Mon, 04 Dec 2017 11:46:44 <ipython-input-1-6a108ab48155>[line:160] INFO accuracy: 87.33%
Mon, 04 Dec 2017 11:46:44 <ipython-input-1-6a108ab48155>[line:145] INFO ******************* SVM ********************
Mon, 04 Dec 2017 12:37:13 <ipython-input-1-6a108ab48155>[line:149] INFO training took 3029.203229s!
Mon, 04 Dec 2017 12:40:23 <ipython-input-1-6a108ab48155>[line:160] INFO accuracy: 94.35%
Mon, 04 Dec 2017 12:40:23 <ipython-input-1-6a108ab48155>[line:145] INFO ******************* GBDT ********************
Mon, 04 Dec 2017 14:00:22 <ipython-input-1-6a108ab48155>[line:149] INFO training took 4799.003342s!
Mon, 04 Dec 2017 14:00:23 <ipython-input-1-6a108ab48155>[line:160] INFO accuracy: 96.17%
